<?xml version="1.0" encoding="UTF-8"?>
<!-- Generated by org.testng.reporters.JUnitReportReporter -->
<testsuite hostname="Vrushal" failures="0" tests="1" name="learn.Selenium.InstantiateBrowser" time="12.553" errors="0" timestamp="2023-11-11T13:03:12 IST" skipped="0">
  <testcase classname="learn.Selenium.InstantiateBrowser" name="checkBrowserOpening" time="12.553"/>
</testsuite> <!-- learn.Selenium.InstantiateBrowser -->
