<?xml version="1.0" encoding="UTF-8"?>
<!-- Generated by org.testng.reporters.JUnitReportReporter -->
<testsuite hostname="Vrushal" failures="0" tests="1" name="learn.Selenium.InstantiateBrowser" time="11.816" errors="0" timestamp="2023-09-12T20:00:50 IST" skipped="0">
  <testcase classname="learn.Selenium.InstantiateBrowser" name="checkBrowserOpening" time="11.816"/>
</testsuite> <!-- learn.Selenium.InstantiateBrowser -->
