<?xml version="1.0" encoding="UTF-8"?>
<!-- Generated by org.testng.reporters.JUnitReportReporter -->
<testsuite hostname="Vrushal" failures="0" tests="1" name="org.AutomationExamples.SeleniumTest" time="0.015" errors="0" timestamp="2023-09-08T21:37:27 IST" skipped="0">
  <testcase classname="org.AutomationExamples.SeleniumTest" name="checkSeleniumWebDriver" time="0.015"/>
</testsuite> <!-- org.AutomationExamples.SeleniumTest -->
